<?xml version="1.0" encoding="UTF-8"?>
<!-- Generated by org.testng.reporters.JUnitXMLReporter -->
<testsuite ignored="1" hostname="DESKTOP-PJTLFA3" failures="0" tests="1" name="Facebook Login" time="13.464" errors="0" timestamp="2024-01-23T13:05:49 IST">
  <testcase classname="testNGPrograms.FirstTest" name="TestFacebook" time="13.463"/>
  <testcase classname="testNGPrograms.FirstTest" name="GoogleSearch" time="0.0">
    <ignored/>
  </testcase> <!-- GoogleSearch -->
</testsuite> <!-- Facebook Login -->
