<?xml version="1.0" encoding="UTF-8"?>
<!-- Generated by org.testng.reporters.JUnitXMLReporter -->
<testsuite ignored="6" hostname="DESKTOP-PJTLFA3" failures="0" tests="0" time="0.007" errors="0" timestamp="2024-01-25T18:54:03 IST">
  <testcase classname="com.itcaree4u.IgnoreTest.DemoTest1" name="Test13" time="0.0">
    <ignored/>
  </testcase> <!-- Test13 -->
  <testcase classname="com.itcaree4u.IgnoreTest.DemoTest2" name="Test23" time="0.0">
    <ignored/>
  </testcase> <!-- Test23 -->
  <testcase classname="com.itcaree4u.IgnoreTest.DemoTest2" name="Test21" time="0.0">
    <ignored/>
  </testcase> <!-- Test21 -->
  <testcase classname="com.itcaree4u.IgnoreTest.DemoTest2" name="Test22" time="0.0">
    <ignored/>
  </testcase> <!-- Test22 -->
  <testcase classname="com.itcaree4u.IgnoreTest.DemoTest1" name="Test11" time="0.0">
    <ignored/>
  </testcase> <!-- Test11 -->
  <testcase classname="com.itcaree4u.IgnoreTest.DemoTest1" name="Test12" time="0.0">
    <ignored/>
  </testcase> <!-- Test12 -->
</testsuite>
