<?xml version="1.0" encoding="UTF-8"?>
<!-- Generated by org.testng.reporters.JUnitXMLReporter -->
<testsuite ignored="0" hostname="DESKTOP-PJTLFA3" failures="1" tests="6" name="Test" time="0.044" errors="0" timestamp="2024-02-06T01:13:50 IST">
  <testcase classname="testNGPrograms.TestGroupDepenedncy" name="Test1" time="0.006"/>
  <testcase classname="testNGPrograms.TestGroupDepenedncy" name="Test2" time="0.001">
    <failure type="java.lang.ArithmeticException" message="/ by zero">
      <![CDATA[java.lang.ArithmeticException: / by zero
at testNGPrograms.TestGroupDepenedncy.Test2(TestGroupDepenedncy.java:13)
at java.base/java.util.ArrayList.forEach(ArrayList.java:1511)
... Removed 27 stack frames]]>
    </failure>
  </testcase> <!-- Test2 -->
  <testcase classname="testNGPrograms.TestGroupDepenedncy" name="Test3" time="0.0">
    <skipped/>
  </testcase> <!-- Test3 -->
  <testcase classname="testNGPrograms.TestGroupDepenedncy" name="Test4" time="0.0">
    <skipped/>
  </testcase> <!-- Test4 -->
  <testcase classname="testNGPrograms.TestGroupDepenedncy" name="Test5" time="0.0">
    <skipped/>
  </testcase> <!-- Test5 -->
  <testcase classname="testNGPrograms.TestGroupDepenedncy" name="Test6" time="0.0">
    <skipped/>
  </testcase> <!-- Test6 -->
</testsuite> <!-- Test -->
