<?xml version="1.0" encoding="UTF-8"?>
<!-- Generated by org.testng.reporters.JUnitXMLReporter -->
<testsuite ignored="2" hostname="DESKTOP-PJTLFA3" failures="0" tests="1" name="Test2" time="8.6" errors="0" timestamp="2024-02-13T09:26:20 IST">
  <testcase classname="captureScreenshotFramework.ScreenshotTest" name="OrangeHRM" time="7.078"/>
  <testcase classname="captureScreenshotFramework.ScreenshotTest" name="GoogleSearch" time="0.0">
    <ignored/>
  </testcase> <!-- GoogleSearch -->
  <testcase classname="captureScreenshotFramework.ScreenshotTest" name="LoginTestFire" time="0.0">
    <ignored/>
  </testcase> <!-- LoginTestFire -->
</testsuite> <!-- Test2 -->
