<?xml version="1.0" encoding="UTF-8"?>
<!-- Generated by org.testng.reporters.JUnitXMLReporter -->
<testsuite ignored="2" hostname="DESKTOP-PJTLFA3" failures="0" tests="1" name="Test12" time="0.03" errors="0" timestamp="2024-01-26T22:04:47 IST">
  <testcase classname="com.itcaree4u.groupTests.GroupTest1" name="Test1" time="0.006"/>
  <testcase classname="com.itcaree4u.groupTests.GroupTest1" name="Test2" time="0.0">
    <ignored/>
  </testcase> <!-- Test2 -->
  <testcase classname="com.itcaree4u.groupTests.GroupTest1" name="Test3" time="0.0">
    <ignored/>
  </testcase> <!-- Test3 -->
</testsuite> <!-- Test12 -->
