<?xml version="1.0" encoding="UTF-8"?>
<!-- Generated by org.testng.reporters.JUnitXMLReporter -->
<testsuite ignored="2" hostname="DESKTOP-PJTLFA3" failures="1" tests="1" name="Test1" time="8.556" errors="0" timestamp="2024-02-13T09:26:12 IST">
  <testcase classname="captureScreenshotFramework.ScreenshotTest" name="GoogleSearch" time="5.638">
    <failure type="java.lang.AssertionError" message="expected [Test] but found [H Y R Tutorials]">
      <![CDATA[java.lang.AssertionError: expected [Test] but found [H Y R Tutorials]
at captureScreenshotFramework.ScreenshotTest.GoogleSearch(ScreenshotTest.java:20)
at java.base/java.util.ArrayList.forEach(ArrayList.java:1511)
... Removed 33 stack frames]]>
    </failure>
  </testcase> <!-- GoogleSearch -->
  <testcase classname="captureScreenshotFramework.ScreenshotTest" name="LoginTestFire" time="0.0">
    <ignored/>
  </testcase> <!-- LoginTestFire -->
  <testcase classname="captureScreenshotFramework.ScreenshotTest" name="OrangeHRM" time="0.0">
    <ignored/>
  </testcase> <!-- OrangeHRM -->
</testsuite> <!-- Test1 -->
