<?xml version="1.0" encoding="UTF-8"?>
<!-- Generated by org.testng.reporters.JUnitXMLReporter -->
<testsuite ignored="2" hostname="DESKTOP-PJTLFA3" failures="1" tests="1" name="Test3" time="4.102" errors="0" timestamp="2024-02-13T09:26:24 IST">
  <testcase classname="captureScreenshotFramework.ScreenshotTest" name="LoginTestFire" time="2.612">
    <failure type="java.lang.AssertionError" message="The following asserts failed:
	Title Mismatched expected [Altoro 12Mutual] but found [Altoro Mutual],
	URL Mismatched did not expect [https://demo.testfire.net/login.jsp] but found [https://demo.testfire.net/login.jsp]">
      <![CDATA[java.lang.AssertionError: The following asserts failed:
Title Mismatched expected [Altoro 12Mutual] but found [Altoro Mutual],
URL Mismatched did not expect [https://demo.testfire.net/login.jsp] but found [https://demo.testfire.net/login.jsp]
at captureScreenshotFramework.ScreenshotTest.LoginTestFire(ScreenshotTest.java:73)
at java.base/java.util.ArrayList.forEach(ArrayList.java:1511)
... Removed 29 stack frames]]>
    </failure>
  </testcase> <!-- LoginTestFire -->
  <testcase classname="captureScreenshotFramework.ScreenshotTest" name="GoogleSearch" time="0.0">
    <ignored/>
  </testcase> <!-- GoogleSearch -->
  <testcase classname="captureScreenshotFramework.ScreenshotTest" name="OrangeHRM" time="0.0">
    <ignored/>
  </testcase> <!-- OrangeHRM -->
</testsuite> <!-- Test3 -->
