<?xml version="1.0" encoding="UTF-8"?>
<!-- Generated by org.testng.reporters.JUnitXMLReporter -->
<testsuite ignored="0" hostname="DESKTOP-PJTLFA3" failures="0" tests="6" name="TestNew" time="17.686" errors="0" timestamp="2024-02-23T18:16:07 IST">
  <testcase classname="dataProviderInTestNG.TestFireBasicDataProvider" name="Login" time="7.185"/>
  <testcase classname="dataProviderInTestNG.TestFireBasicDataProvider" name="Login" time="7.231"/>
  <testcase classname="dataProviderInTestNG.TestFireBasicDataProvider" name="Login" time="5.185"/>
  <testcase classname="dataProviderInTestNG.TestFireBasicDataProvider" name="Login" time="5.246"/>
  <testcase classname="dataProviderInTestNG.TestFireBasicDataProvider" name="Login" time="5.188"/>
  <testcase classname="dataProviderInTestNG.TestFireBasicDataProvider" name="Login" time="5.232"/>
</testsuite> <!-- TestNew -->
