<?xml version="1.0" encoding="UTF-8"?>
<!-- Generated by org.testng.reporters.JUnitXMLReporter -->
<testsuite ignored="2" hostname="DESKTOP-PJTLFA3" failures="0" tests="1" name="Google Search" time="7.057" errors="0" timestamp="2024-01-25T16:20:04 IST">
  <testcase classname="testNGPrograms.AssertionFirstTest" name="GoogleSearch" time="7.054"/>
  <testcase classname="testNGPrograms.AssertionFirstTest" name="LoginTestFire" time="0.0">
    <ignored/>
  </testcase> <!-- LoginTestFire -->
  <testcase classname="testNGPrograms.AssertionFirstTest" name="TestFacebook" time="0.0">
    <ignored/>
  </testcase> <!-- TestFacebook -->
</testsuite> <!-- Google Search -->
