<?xml version="1.0" encoding="UTF-8"?>
<!-- Generated by org.testng.reporters.JUnitXMLReporter -->
<testsuite ignored="2" hostname="DESKTOP-PJTLFA3" failures="1" tests="1" name="Login Test Fire" time="4.326" errors="0" timestamp="2024-01-25T16:10:38 IST">
  <testcase classname="testNGPrograms.AssertionFirstTest" name="LoginTestFire" time="4.302">
    <failure type="java.lang.AssertionError" message="The following asserts failed:
	Title Mismatched expected [Altoro 12Mutual] but found [Altoro Mutual],
	URL Mismatched did not expect [https://demo.testfire.net/login.jsp] but found [https://demo.testfire.net/login.jsp]">
      <![CDATA[java.lang.AssertionError: The following asserts failed:
Title Mismatched expected [Altoro 12Mutual] but found [Altoro Mutual],
URL Mismatched did not expect [https://demo.testfire.net/login.jsp] but found [https://demo.testfire.net/login.jsp]
at testNGPrograms.AssertionFirstTest.LoginTestFire(AssertionFirstTest.java:111)
at java.base/java.util.ArrayList.forEach(ArrayList.java:1511)
... Removed 29 stack frames]]>
    </failure>
  </testcase> <!-- LoginTestFire -->
  <testcase classname="testNGPrograms.AssertionFirstTest" name="GoogleSearch" time="0.0">
    <ignored/>
  </testcase> <!-- GoogleSearch -->
  <testcase classname="testNGPrograms.AssertionFirstTest" name="TestFacebook" time="0.0">
    <ignored/>
  </testcase> <!-- TestFacebook -->
</testsuite> <!-- Login Test Fire -->
