<?xml version="1.0" encoding="UTF-8"?>
<!-- Generated by org.testng.reporters.JUnitXMLReporter -->
<testsuite ignored="1" hostname="DESKTOP-PJTLFA3" failures="0" tests="4" name="Small Business Page" time="12.264" errors="0" timestamp="2024-01-25T16:19:57 IST">
  <testcase classname="testNGPrograms.ParametersInTestNG" name="LaunchApp" time="3.674"/>
  <testcase classname="testNGPrograms.ParametersInTestNG" name="EnterLoginDeatils" time="3.744"/>
  <testcase classname="testNGPrograms.ParametersInTestNG" name="SmallBusinessPageLaunch" time="0.623"/>
  <testcase classname="testNGPrograms.ParametersInTestNG" name="VerifySmallBusinessPage" time="0.023"/>
  <testcase classname="testNGPrograms.ParametersInTestNG" name="VerifyLogin" time="0.0">
    <ignored/>
  </testcase> <!-- VerifyLogin -->
</testsuite> <!-- Small Business Page -->
