<?xml version="1.0" encoding="UTF-8"?>
<!-- Generated by org.testng.reporters.JUnitXMLReporter -->
<testsuite ignored="2" hostname="DESKTOP-PJTLFA3" failures="0" tests="3" name="Test Fire Login" time="15.166" errors="0" timestamp="2024-01-25T16:19:45 IST">
  <testcase classname="testNGPrograms.ParametersInTestNG" name="LaunchApp" time="4.67"/>
  <testcase classname="testNGPrograms.ParametersInTestNG" name="EnterLoginDeatils" time="3.63"/>
  <testcase classname="testNGPrograms.ParametersInTestNG" name="VerifyLogin" time="0.058"/>
  <testcase classname="testNGPrograms.ParametersInTestNG" name="SmallBusinessPageLaunch" time="0.0">
    <ignored/>
  </testcase> <!-- SmallBusinessPageLaunch -->
  <testcase classname="testNGPrograms.ParametersInTestNG" name="VerifySmallBusinessPage" time="0.0">
    <ignored/>
  </testcase> <!-- VerifySmallBusinessPage -->
</testsuite> <!-- Test Fire Login -->
