<?xml version="1.0" encoding="UTF-8"?>
<!-- Generated by org.testng.reporters.JUnitXMLReporter -->
<testsuite ignored="0" hostname="DESKTOP-PJTLFA3" failures="0" tests="6" name="Test" time="17.97" errors="0" timestamp="2024-02-07T10:59:12 IST">
  <testcase classname="dataProviderInTestNG.TestFireBasicDataProvider" name="Login" time="6.179"/>
  <testcase classname="dataProviderInTestNG.TestFireBasicDataProvider" name="Login" time="8.03"/>
  <testcase classname="dataProviderInTestNG.TestFireBasicDataProvider" name="Login" time="5.051"/>
  <testcase classname="dataProviderInTestNG.TestFireBasicDataProvider" name="Login" time="4.969"/>
  <testcase classname="dataProviderInTestNG.TestFireBasicDataProvider" name="Login" time="5.08"/>
  <testcase classname="dataProviderInTestNG.TestFireBasicDataProvider" name="Login" time="4.938"/>
</testsuite> <!-- Test -->
