<?xml version="1.0" encoding="UTF-8"?>
<testng-results ignored="0" total="1" passed="1" failed="0" skipped="0">
  <reporter-output>
  </reporter-output>
  <suite started-at="2024-02-24T00:26:12 IST" name="Default suite" finished-at="2024-02-24T00:26:16 IST" duration-ms="4161">
    <groups>
    </groups>
    <test started-at="2024-02-24T00:26:12 IST" name="Default test" finished-at="2024-02-24T00:26:16 IST" duration-ms="4161">
      <class name="javaScriptExecutorPractice.HighlightJavascriptExecutor">
        <test-method signature="BorderBackGround()[pri:0, instance:javaScriptExecutorPractice.HighlightJavascriptExecutor@6a370f4]" started-at="2024-02-24T00:26:12 IST" name="BorderBackGround" finished-at="2024-02-24T00:26:16 IST" duration-ms="4136" status="PASS">
          <reporter-output>
          </reporter-output>
        </test-method> <!-- BorderBackGround -->
      </class> <!-- javaScriptExecutorPractice.HighlightJavascriptExecutor -->
    </test> <!-- Default test -->
  </suite> <!-- Default suite -->
</testng-results>
