<?xml version="1.0" encoding="UTF-8"?>
<!-- Generated by org.testng.reporters.JUnitXMLReporter -->
<testsuite ignored="2" hostname="DESKTOP-PJTLFA3" failures="1" tests="2" name="Test2" time="1.027" errors="0" timestamp="2024-02-12T16:12:33 IST">
  <testcase classname="listenersInTestNG.TestClass" name="Test3" time="1.018">
    <failure type="org.testng.internal.thread.ThreadTimeoutException" message="Method listenersInTestNG.TestClass.Test3() didn&amp;apos;t finish within the time-out 1000">
      <![CDATA[org.testng.internal.thread.ThreadTimeoutException: Method listenersInTestNG.TestClass.Test3() didn't finish within the time-out 1000
at java.base/java.util.ArrayList.forEach(ArrayList.java:1511)
... Removed 24 stack frames]]>
    </failure>
  </testcase> <!-- Test3 -->
  <testcase classname="listenersInTestNG.TestClass" name="Test4" time="0.0">
    <skipped/>
  </testcase> <!-- Test4 -->
  <testcase classname="listenersInTestNG.TestClass" name="Test2" time="0.0">
    <ignored/>
  </testcase> <!-- Test2 -->
  <testcase classname="listenersInTestNG.TestClass" name="Test1" time="0.0">
    <ignored/>
  </testcase> <!-- Test1 -->
</testsuite> <!-- Test2 -->
