<?xml version="1.0" encoding="UTF-8"?>
<!-- Generated by org.testng.reporters.JUnitXMLReporter -->
<testsuite ignored="2" hostname="DESKTOP-PJTLFA3" failures="1" tests="2" name="Test1" time="0.057" errors="0" timestamp="2024-02-12T16:12:31 IST">
  <testcase classname="listenersInTestNG.TestClass" name="Test1" time="0.008"/>
  <testcase classname="listenersInTestNG.TestClass" name="Test2" time="0.004">
    <failure type="java.lang.AssertionError" message="expected [true] but found [false]">
      <![CDATA[java.lang.AssertionError: expected [true] but found [false]
at listenersInTestNG.TestClass.Test2(TestClass.java:16)
at java.base/java.util.ArrayList.forEach(ArrayList.java:1511)
... Removed 31 stack frames]]>
    </failure>
  </testcase> <!-- Test2 -->
  <testcase classname="listenersInTestNG.TestClass" name="Test4" time="0.0">
    <ignored/>
  </testcase> <!-- Test4 -->
  <testcase classname="listenersInTestNG.TestClass" name="Test3" time="0.0">
    <ignored/>
  </testcase> <!-- Test3 -->
</testsuite> <!-- Test1 -->
